0 info it worked if it ends with ok
1 verbose cli [ '/usr/local/bin/node', '/usr/local/bin/npm', 'run', 'build' ]
2 info using npm@3.10.3
3 info using node@v6.3.1
4 verbose run-script [ 'prebuild', 'build', 'postbuild' ]
5 info lifecycle reduxBoiler@1.0.0~prebuild: reduxBoiler@1.0.0
6 silly lifecycle reduxBoiler@1.0.0~prebuild: no script for prebuild, continuing
7 info lifecycle reduxBoiler@1.0.0~build: reduxBoiler@1.0.0
8 verbose lifecycle reduxBoiler@1.0.0~build: unsafe-perm in lifecycle true
9 verbose lifecycle reduxBoiler@1.0.0~build: PATH: /usr/local/lib/node_modules/npm/bin/node-gyp-bin:/Users/valmorie/Desktop/Programming/REACT/plainDev/node_modules/.bin:/usr/local/bin:/usr/bin:/bin:/usr/sbin:/sbin:/usr/local/bin:/opt/local/bin:/opt/local/sbin:/Users/valmorie/.rvm/gems/ruby-2.2.1/bin:/Users/valmorie/.rvm/gems/ruby-2.2.1@global/bin:/Users/valmorie/.rvm/rubies/ruby-2.2.1/bin:/Library/Frameworks/Python.framework/Versions/2.7/bin:/usr/local/bin:/usr/bin:/bin:/usr/sbin:/sbin:/usr/local/git/bin:/Users/valmorie/.rvm/bin
10 verbose lifecycle reduxBoiler@1.0.0~build: CWD: /Users/valmorie/Desktop/Programming/REACT/plainDev
11 silly lifecycle reduxBoiler@1.0.0~build: Args: [ '-c',
11 silly lifecycle   'NODE_ENV=prod gulp && jspm bundle-sfx app/main.js public/app.js --minify' ]
12 silly lifecycle reduxBoiler@1.0.0~build: Returned: code: 1  signal: null
13 info lifecycle reduxBoiler@1.0.0~build: Failed to exec build script
14 verbose stack Error: reduxBoiler@1.0.0 build: `NODE_ENV=prod gulp && jspm bundle-sfx app/main.js public/app.js --minify`
14 verbose stack Exit status 1
14 verbose stack     at EventEmitter.<anonymous> (/usr/local/lib/node_modules/npm/lib/utils/lifecycle.js:242:16)
14 verbose stack     at emitTwo (events.js:106:13)
14 verbose stack     at EventEmitter.emit (events.js:191:7)
14 verbose stack     at ChildProcess.<anonymous> (/usr/local/lib/node_modules/npm/lib/utils/spawn.js:40:14)
14 verbose stack     at emitTwo (events.js:106:13)
14 verbose stack     at ChildProcess.emit (events.js:191:7)
14 verbose stack     at maybeClose (internal/child_process.js:852:16)
14 verbose stack     at Process.ChildProcess._handle.onexit (internal/child_process.js:215:5)
15 verbose pkgid reduxBoiler@1.0.0
16 verbose cwd /Users/valmorie/Desktop/Programming/REACT/plainDev
17 error Darwin 16.1.0
18 error argv "/usr/local/bin/node" "/usr/local/bin/npm" "run" "build"
19 error node v6.3.1
20 error npm  v3.10.3
21 error code ELIFECYCLE
22 error reduxBoiler@1.0.0 build: `NODE_ENV=prod gulp && jspm bundle-sfx app/main.js public/app.js --minify`
22 error Exit status 1
23 error Failed at the reduxBoiler@1.0.0 build script 'NODE_ENV=prod gulp && jspm bundle-sfx app/main.js public/app.js --minify'.
23 error Make sure you have the latest version of node.js and npm installed.
23 error If you do, this is most likely a problem with the reduxBoiler package,
23 error not with npm itself.
23 error Tell the author that this fails on your system:
23 error     NODE_ENV=prod gulp && jspm bundle-sfx app/main.js public/app.js --minify
23 error You can get information on how to open an issue for this project with:
23 error     npm bugs reduxBoiler
23 error Or if that isn't available, you can get their info via:
23 error     npm owner ls reduxBoiler
23 error There is likely additional logging output above.
24 verbose exit [ 1, true ]
